<?xml version="1.0" encoding="UTF-8"?>
<!-- Generated by org.testng.reporters.JUnitXMLReporter -->
<testsuite hostname="Nas" ignored="5" name="smoke" tests="2" failures="0" timestamp="2022-02-09T23:47:07 EST" time="7.148" errors="0">
  <testcase name="autoQuoteTestingWithExcelDataProbider" time="0.0" classname="progressive.qa.auto.AutoQuoteTest">
    <skipped/>
  </testcase> <!-- autoQuoteTestingWithExcelDataProbider -->
  <testcase name="homeTest" time="0.002" classname="progressive.qa.home.HomeQuoteTest"/>
  <testcase name="testMethodAuto1" time="0.0" classname="progressive.qa.auto.AutoQuoteTest">
    <ignored/>
  </testcase> <!-- testMethodAuto1 -->
  <testcase name="homeQuoteTesting" time="0.0" classname="progressive.qa.home.HomeQuoteTest">
    <ignored/>
  </testcase> <!-- homeQuoteTesting -->
  <testcase name="testMethodAuto" time="0.0" classname="progressive.qa.auto.AutoQuoteTest">
    <ignored/>
  </testcase> <!-- testMethodAuto -->
  <testcase name="autoQuoteTestingWithIteratorDataProbider" time="0.0" classname="progressive.qa.auto.AutoQuoteTest">
    <ignored/>
  </testcase> <!-- autoQuoteTestingWithIteratorDataProbider -->
  <testcase name="autoQuoteTesting" time="0.0" classname="progressive.qa.auto.AutoQuoteTest">
    <ignored/>
  </testcase> <!-- autoQuoteTesting -->
</testsuite> <!-- smoke -->
