<?xml version="1.0" encoding="UTF-8"?>
<!-- Generated by org.testng.reporters.JUnitXMLReporter -->
<testsuite hostname="Nas" ignored="3" name="SmokeTest" tests="2" failures="1" timestamp="2022-02-09T20:30:08 EST" time="0.074" errors="0">
  <testcase name="testMethodAuto1" time="0.029" classname="progressive.qa.auto.AutoQuoteTest"/>
  <testcase name="autoQuoteTesting" time="0.002" classname="progressive.qa.auto.AutoQuoteTest">
    <failure type="java.lang.NullPointerException">
      <![CDATA[java.lang.NullPointerException
at progressive.qa.auto.AutoQuoteTest.autoQuoteTesting(AutoQuoteTest.java:12)
at java.util.ArrayList.forEach(ArrayList.java:1259)
... Removed 27 stack frames]]>
    </failure>
  </testcase> <!-- autoQuoteTesting -->
  <testcase name="homeQuoteTexting" time="0.0" classname="progressive.qa.home.HomeQuoteTest">
    <ignored/>
  </testcase> <!-- homeQuoteTexting -->
  <testcase name="homeTest" time="0.0" classname="progressive.qa.home.HomeQuoteTest">
    <ignored/>
  </testcase> <!-- homeTest -->
  <testcase name="testMethodAuto" time="0.0" classname="progressive.qa.auto.AutoQuoteTest">
    <ignored/>
  </testcase> <!-- testMethodAuto -->
</testsuite> <!-- SmokeTest -->
