<?xml version="1.0" encoding="UTF-8"?>
<!-- Generated by org.testng.reporters.JUnitXMLReporter -->
<testsuite hostname="Nas" ignored="3" name="Default test" tests="1" failures="0" timestamp="27 Jan 2022 04:06:18 GMT" time="6.78" errors="0">
  <testcase name="autoQuoteTesting" time="1.448" classname="progressive.qa.auto.AutoQuoteTest"/>
  <testcase name="test2" time="0.0" classname="progressive.qa.auto.AutoQuoteTest">
    <ignored/>
  </testcase> <!-- test2 -->
  <testcase name="test3" time="0.0" classname="progressive.qa.auto.AutoQuoteTest">
    <ignored/>
  </testcase> <!-- test3 -->
  <testcase name="test1" time="0.0" classname="progressive.qa.auto.AutoQuoteTest">
    <ignored/>
  </testcase> <!-- test1 -->
</testsuite> <!-- Default test -->
