<?xml version="1.0" encoding="UTF-8"?>
<testsuite xmlns:xsi="http://www.w3.org/2001/XMLSchema-instance" xsi:noNamespaceSchemaLocation="https://maven.apache.org/surefire/maven-surefire-plugin/xsd/surefire-test-report-3.0.xsd" version="3.0" name="TestSuite" time="2.424" tests="55" errors="0" skipped="53" failures="2">
  <properties>
[...]
</properties>
  <testcase name="setUp" classname="progressive.qa.auto.AutoQuoteTest" time="1.767">
    <failure message="&#10;Parameter &apos;browser&apos; is required by BeforeMethod on method setUp but has not been marked @Optional or defined&#10;" type="org.testng.TestNGException"><![CDATA[org.testng.TestNGException: 

Parameter 'browser' is required by BeforeMethod on method setUp but has not been marked @Optional or defined

]]></failure>
    <system-err><![CDATA[SLF4J: Failed to load class "org.slf4j.impl.StaticLoggerBinder".
SLF4J: Defaulting to no-operation (NOP) logger implementation
SLF4J: See http://www.slf4j.org/codes.html#StaticLoggerBinder for further details.
Mar 04, 2022 10:50:54 PM progressive.qa.reporting.Java_Logger getLog
INFO: Reporting is starting ...
]]></system-err>
  </testcase>
  <testcase name="setUp" classname="progressive.qa.auto.AutoQuoteTest" time="0">
    <skipped/>
  </testcase>
  <testcase name="setUp" classname="progressive.qa.auto.AutoQuoteTest" time="0">
    <skipped/>
  </testcase>
  <testcase name="setUp" classname="progressive.qa.auto.AutoQuoteTest" time="0">
    <skipped/>
  </testcase>
  <testcase name="setUp" classname="progressive.qa.auto.AutoQuoteTest" time="0">
    <skipped/>
  </testcase>
  <testcase name="setUp" classname="progressive.qa.auto.AutoQuoteTest" time="0">
    <skipped/>
  </testcase>
  <testcase name="setUp" classname="progressive.qa.auto.AutoQuoteTest" time="0">
    <skipped/>
  </testcase>
  <testcase name="setUp" classname="progressive.qa.auto.AutoQuoteTest" time="0">
    <skipped/>
  </testcase>
  <testcase name="setUp" classname="progressive.qa.auto.AutoQuoteTest" time="0">
    <skipped/>
  </testcase>
  <testcase name="setUp" classname="progressive.qa.auto.AutoQuoteTest" time="0">
    <skipped/>
  </testcase>
  <testcase name="setUp" classname="progressive.qa.auto.AutoQuoteTest" time="0">
    <skipped/>
  </testcase>
  <testcase name="setUp" classname="progressive.qa.auto.AutoQuoteTest" time="0">
    <skipped/>
  </testcase>
  <testcase name="autoQuoteTestingWithExcelDataProbider[null, null, null, null, null, null, null, null, null, null, null](1)" classname="progressive.qa.auto.AutoQuoteTest" time="0">
    <skipped message="&#10;Parameter &apos;browser&apos; is required by BeforeMethod on method setUp but has not been marked @Optional or defined&#10;"/>
  </testcase>
  <testcase name="afterEachTest" classname="progressive.qa.auto.AutoQuoteTest" time="0">
    <skipped/>
  </testcase>
  <testcase name="afterEachTest" classname="progressive.qa.auto.AutoQuoteTest" time="0">
    <skipped/>
  </testcase>
  <testcase name="afterEachTest" classname="progressive.qa.auto.AutoQuoteTest" time="0">
    <skipped/>
  </testcase>
  <testcase name="afterEachTest" classname="progressive.qa.auto.AutoQuoteTest" time="0">
    <skipped/>
  </testcase>
  <testcase name="afterEachTest" classname="progressive.qa.auto.AutoQuoteTest" time="0">
    <skipped/>
  </testcase>
  <testcase name="afterEachTest" classname="progressive.qa.auto.AutoQuoteTest" time="0">
    <skipped/>
  </testcase>
  <testcase name="afterEachTest" classname="progressive.qa.auto.AutoQuoteTest" time="0">
    <skipped/>
  </testcase>
  <testcase name="afterEachTest" classname="progressive.qa.auto.AutoQuoteTest" time="0">
    <skipped/>
  </testcase>
  <testcase name="afterEachTest" classname="progressive.qa.auto.AutoQuoteTest" time="0">
    <skipped/>
  </testcase>
  <testcase name="afterEachTest" classname="progressive.qa.auto.AutoQuoteTest" time="0">
    <skipped/>
  </testcase>
  <testcase name="afterEachTest" classname="progressive.qa.auto.AutoQuoteTest" time="0">
    <skipped/>
  </testcase>
  <testcase name="afterEachTest" classname="progressive.qa.auto.AutoQuoteTest" time="0">
    <skipped/>
  </testcase>
  <testcase name="beforeEachTest" classname="progressive.qa.auto.AutoQuoteTest" time="0">
    <skipped/>
  </testcase>
  <testcase name="beforeEachTest" classname="progressive.qa.auto.AutoQuoteTest" time="0">
    <skipped/>
  </testcase>
  <testcase name="beforeEachTest" classname="progressive.qa.auto.AutoQuoteTest" time="0">
    <skipped/>
  </testcase>
  <testcase name="beforeEachTest" classname="progressive.qa.auto.AutoQuoteTest" time="0">
    <skipped/>
  </testcase>
  <testcase name="beforeEachTest" classname="progressive.qa.auto.AutoQuoteTest" time="0">
    <skipped/>
  </testcase>
  <testcase name="beforeEachTest" classname="progressive.qa.auto.AutoQuoteTest" time="0">
    <skipped/>
  </testcase>
  <testcase name="beforeEachTest" classname="progressive.qa.auto.AutoQuoteTest" time="0">
    <skipped/>
    <system-err><![CDATA[Mar 04, 2022 10:50:55 PM progressive.qa.reporting.Java_Logger getLog
INFO: Name & Birthdate
Mar 04, 2022 10:50:55 PM progressive.qa.reporting.Java_Logger getLog
INFO: Name & Birthdate
Mar 04, 2022 10:50:55 PM progressive.qa.reporting.Java_Logger getLog
INFO: Name & Birthdate
]]></system-err>
  </testcase>
  <testcase name="beforeEachTest" classname="progressive.qa.auto.AutoQuoteTest" time="0">
    <skipped/>
  </testcase>
  <testcase name="beforeEachTest" classname="progressive.qa.auto.AutoQuoteTest" time="0">
    <skipped/>
  </testcase>
  <testcase name="beforeEachTest" classname="progressive.qa.auto.AutoQuoteTest" time="0">
    <skipped/>
  </testcase>
  <testcase name="beforeEachTest" classname="progressive.qa.auto.AutoQuoteTest" time="0">
    <skipped/>
  </testcase>
  <testcase name="autoQuoteTestingWithExcelDataProbider[10472, Enter ZIP Code, Name &amp; Birthdate, Bright, Boy, JR, 02/05/1999, 1943 Paul Ave, 5b, Bronx, Tell us about your vehicle(s)…](2)" classname="progressive.qa.auto.AutoQuoteTest" time="0">
    <skipped message="&#10;Parameter &apos;browser&apos; is required by BeforeMethod on method setUp but has not been marked @Optional or defined&#10;"/>
  </testcase>
  <testcase name="autoQuoteTestingWithExcelDataProbider[10473, Enter ZIP Code, Name &amp; Birthdate, Talent, Boy, SR, 11/11/1988, 1020 Paul Ave, 4b, Bronx, Tell us about your vehicle(s)…](3)" classname="progressive.qa.auto.AutoQuoteTest" time="0">
    <skipped message="&#10;Parameter &apos;browser&apos; is required by BeforeMethod on method setUp but has not been marked @Optional or defined&#10;"/>
  </testcase>
  <testcase name="autoQuoteTestingWithExcelDataProbider[10472, Enter ZIP Code, Name &amp; Birthdate, Bright, Girl, JR, 03/05/1999, 1945 Paul Ave, 1c, Bronx, Tell us about your vehicle(s)…](4)" classname="progressive.qa.auto.AutoQuoteTest" time="0">
    <skipped message="&#10;Parameter &apos;browser&apos; is required by BeforeMethod on method setUp but has not been marked @Optional or defined&#10;"/>
  </testcase>
  <testcase name="autoQuoteTestingWithIterator2DataProbider[progressive.qa.data.ZipCodeData@764faa6](1)" classname="progressive.qa.auto.AutoQuoteTest" time="0">
    <skipped message="&#10;Parameter &apos;browser&apos; is required by BeforeMethod on method setUp but has not been marked @Optional or defined&#10;"/>
  </testcase>
  <testcase name="autoQuoteTestingWithIterator2DataProbider[progressive.qa.data.ZipCodeData@4f5991f6](2)" classname="progressive.qa.auto.AutoQuoteTest" time="0">
    <skipped message="&#10;Parameter &apos;browser&apos; is required by BeforeMethod on method setUp but has not been marked @Optional or defined&#10;"/>
  </testcase>
  <testcase name="autoQuoteTestingWithIterator2DataProbider[progressive.qa.data.ZipCodeData@2c07545f](3)" classname="progressive.qa.auto.AutoQuoteTest" time="0">
    <skipped message="&#10;Parameter &apos;browser&apos; is required by BeforeMethod on method setUp but has not been marked @Optional or defined&#10;"/>
  </testcase>
  <testcase name="autoQuoteTestingWithIteratorDataProbider[progressive.qa.data.AutoDataClass@e70f13a](1)" classname="progressive.qa.auto.AutoQuoteTest" time="0">
    <skipped message="&#10;Parameter &apos;browser&apos; is required by BeforeMethod on method setUp but has not been marked @Optional or defined&#10;"/>
  </testcase>
  <testcase name="autoQuoteTestingWithIteratorDataProbider[progressive.qa.data.AutoDataClass@d62fe5b](2)" classname="progressive.qa.auto.AutoQuoteTest" time="0">
    <skipped message="&#10;Parameter &apos;browser&apos; is required by BeforeMethod on method setUp but has not been marked @Optional or defined&#10;"/>
  </testcase>
  <testcase name="autoQuoteTestingWithIteratorDataProbider[progressive.qa.data.AutoDataClass@27eedb64](3)" classname="progressive.qa.auto.AutoQuoteTest" time="0">
    <skipped message="&#10;Parameter &apos;browser&apos; is required by BeforeMethod on method setUp but has not been marked @Optional or defined&#10;"/>
  </testcase>
  <testcase name="testMethodAuto1" classname="progressive.qa.auto.AutoQuoteTest" time="0">
    <skipped message="&#10;Parameter &apos;browser&apos; is required by BeforeMethod on method setUp but has not been marked @Optional or defined&#10;"/>
  </testcase>
  <testcase name="autoQuoteTesting" classname="progressive.qa.auto.AutoQuoteTest" time="0">
    <skipped message="&#10;Parameter &apos;browser&apos; is required by BeforeMethod on method setUp but has not been marked @Optional or defined&#10;"/>
  </testcase>
  <testcase name="testMethodAuto" classname="progressive.qa.auto.AutoQuoteTest" time="0">
    <skipped message="Method progressive.qa.auto.AutoQuoteTest.testMethodAuto() on instance progressive.qa.auto.AutoQuoteTest@2641e737 depends on not successfully finished methods &#10;[progressive.qa.auto.AutoQuoteTest.autoQuoteTesting() on instance progressive.qa.auto.AutoQuoteTest@2641e737]"/>
  </testcase>
  <testcase name="setUp" classname="progressive.qa.home.HomeQuoteTest" time="0.002">
    <failure message="&#10;Parameter &apos;browser&apos; is required by BeforeMethod on method setUp but has not been marked @Optional or defined&#10;" type="org.testng.TestNGException"><![CDATA[org.testng.TestNGException: 

Parameter 'browser' is required by BeforeMethod on method setUp but has not been marked @Optional or defined

]]></failure>
  </testcase>
  <testcase name="setUp" classname="progressive.qa.home.HomeQuoteTest" time="0">
    <skipped/>
  </testcase>
  <testcase name="homeQuoteTesting" classname="progressive.qa.home.HomeQuoteTest" time="0">
    <skipped message="&#10;Parameter &apos;browser&apos; is required by BeforeMethod on method setUp but has not been marked @Optional or defined&#10;"/>
  </testcase>
  <testcase name="afterEachTest" classname="progressive.qa.home.HomeQuoteTest" time="0">
    <skipped/>
  </testcase>
  <testcase name="afterEachTest" classname="progressive.qa.home.HomeQuoteTest" time="0">
    <skipped/>
  </testcase>
  <testcase name="beforeEachTest" classname="progressive.qa.home.HomeQuoteTest" time="0">
    <skipped/>
  </testcase>
  <testcase name="homeTest" classname="progressive.qa.home.HomeQuoteTest" time="0">
    <skipped message="&#10;Parameter &apos;browser&apos; is required by BeforeMethod on method setUp but has not been marked @Optional or defined&#10;"/>
  </testcase>
</testsuite>