<?xml version="1.0" encoding="UTF-8"?>
<testng-results skipped="0" failed="0" ignored="0" total="1" passed="1">
  <reporter-output>
  </reporter-output>
  <suite name="SmokeSuite" duration-ms="10863" started-at="2022-02-01T04:24:20Z" finished-at="2022-02-01T04:24:30Z">
    <groups>
    </groups>
    <test name="SmokeTest" duration-ms="10863" started-at="2022-02-01T04:24:20Z" finished-at="2022-02-01T04:24:30Z">
      <class name="progressive.qa.auto.AutoQuoteTest">
        <test-method status="PASS" signature="setUp()[pri:0, instance:progressive.qa.auto.AutoQuoteTest@1c3a4799]" name="setUp" is-config="true" duration-ms="6302" started-at="2022-02-01T04:24:20Z" finished-at="2022-02-01T04:24:26Z">
          <reporter-output>
          </reporter-output>
        </test-method> <!-- setUp -->
        <test-method status="PASS" signature="autoQuoteTesting()[pri:0, instance:progressive.qa.auto.AutoQuoteTest@1c3a4799]" name="autoQuoteTesting" duration-ms="4536" started-at="2022-02-01T04:24:26Z" finished-at="2022-02-01T04:24:30Z">
          <reporter-output>
          </reporter-output>
        </test-method> <!-- autoQuoteTesting -->
        <test-method status="PASS" signature="quttingBrowser()[pri:0, instance:progressive.qa.auto.AutoQuoteTest@1c3a4799]" name="quttingBrowser" is-config="true" duration-ms="0" started-at="2022-02-01T04:24:30Z" finished-at="2022-02-01T04:24:30Z">
          <reporter-output>
          </reporter-output>
        </test-method> <!-- quttingBrowser -->
      </class> <!-- progressive.qa.auto.AutoQuoteTest -->
    </test> <!-- SmokeTest -->
  </suite> <!-- SmokeSuite -->
</testng-results>
