<?xml version="1.0" encoding="UTF-8"?>
<testng-results skipped="0" failed="1" ignored="0" total="4" passed="3">
  <reporter-output>
  </reporter-output>
  <suite name="Default suite" duration-ms="17319" started-at="2022-01-25T03:50:18Z" finished-at="2022-01-25T03:50:35Z">
    <groups>
    </groups>
    <test name="Default test" duration-ms="17319" started-at="2022-01-25T03:50:18Z" finished-at="2022-01-25T03:50:35Z">
      <class name="progressive.qa.auto.AutoQuoteTest">
        <test-method status="PASS" signature="setUp()[pri:0, instance:progressive.qa.auto.AutoQuoteTest@5d76b067]" name="setUp" is-config="true" duration-ms="5085" started-at="2022-01-25T03:50:18Z" finished-at="2022-01-25T03:50:23Z">
          <reporter-output>
          </reporter-output>
        </test-method> <!-- setUp -->
        <test-method status="FAIL" signature="autoQuoteTesting()[pri:0, instance:progressive.qa.auto.AutoQuoteTest@5d76b067]" name="autoQuoteTesting" duration-ms="4" started-at="2022-01-25T03:50:23Z" finished-at="2022-01-25T03:50:23Z">
          <exception class="java.lang.NullPointerException">
            <full-stacktrace>
              <![CDATA[java.lang.NullPointerException
at progressive.qa.auto.AutoQuoteTest.autoQuoteTesting(AutoQuoteTest.java:11)
at sun.reflect.NativeMethodAccessorImpl.invoke0(Native Method)
at sun.reflect.NativeMethodAccessorImpl.invoke(NativeMethodAccessorImpl.java:62)
at sun.reflect.DelegatingMethodAccessorImpl.invoke(DelegatingMethodAccessorImpl.java:43)
at java.lang.reflect.Method.invoke(Method.java:498)
at org.testng.internal.MethodInvocationHelper.invokeMethod(MethodInvocationHelper.java:124)
at org.testng.internal.Invoker.invokeMethod(Invoker.java:583)
at org.testng.internal.Invoker.invokeTestMethod(Invoker.java:719)
at org.testng.internal.Invoker.invokeTestMethods(Invoker.java:989)
at org.testng.internal.TestMethodWorker.invokeTestMethods(TestMethodWorker.java:125)
at org.testng.internal.TestMethodWorker.run(TestMethodWorker.java:109)
at org.testng.TestRunner.privateRun(TestRunner.java:648)
at org.testng.TestRunner.run(TestRunner.java:505)
at org.testng.SuiteRunner.runTest(SuiteRunner.java:455)
at org.testng.SuiteRunner.runSequentially(SuiteRunner.java:450)
at org.testng.SuiteRunner.privateRun(SuiteRunner.java:415)
at org.testng.SuiteRunner.run(SuiteRunner.java:364)
at org.testng.SuiteRunnerWorker.runSuite(SuiteRunnerWorker.java:52)
at org.testng.SuiteRunnerWorker.run(SuiteRunnerWorker.java:84)
at org.testng.TestNG.runSuitesSequentially(TestNG.java:1208)
at org.testng.TestNG.runSuitesLocally(TestNG.java:1137)
at org.testng.TestNG.runSuites(TestNG.java:1049)
at org.testng.TestNG.run(TestNG.java:1017)
at org.testng.remote.AbstractRemoteTestNG.run(AbstractRemoteTestNG.java:115)
at org.testng.remote.RemoteTestNG.initAndRun(RemoteTestNG.java:251)
at org.testng.remote.RemoteTestNG.main(RemoteTestNG.java:77)
]]>
            </full-stacktrace>
          </exception> <!-- java.lang.NullPointerException -->
          <reporter-output>
          </reporter-output>
        </test-method> <!-- autoQuoteTesting -->
        <test-method status="PASS" signature="quttingBrowser()[pri:0, instance:progressive.qa.auto.AutoQuoteTest@5d76b067]" name="quttingBrowser" is-config="true" duration-ms="755" started-at="2022-01-25T03:50:23Z" finished-at="2022-01-25T03:50:24Z">
          <reporter-output>
          </reporter-output>
        </test-method> <!-- quttingBrowser -->
        <test-method status="PASS" signature="setUp()[pri:0, instance:progressive.qa.auto.AutoQuoteTest@5d76b067]" name="setUp" is-config="true" duration-ms="3017" started-at="2022-01-25T03:50:24Z" finished-at="2022-01-25T03:50:27Z">
          <reporter-output>
          </reporter-output>
        </test-method> <!-- setUp -->
        <test-method status="PASS" signature="test1()[pri:0, instance:progressive.qa.auto.AutoQuoteTest@5d76b067]" name="test1" duration-ms="1" started-at="2022-01-25T03:50:27Z" finished-at="2022-01-25T03:50:27Z">
          <reporter-output>
          </reporter-output>
        </test-method> <!-- test1 -->
        <test-method status="PASS" signature="quttingBrowser()[pri:0, instance:progressive.qa.auto.AutoQuoteTest@5d76b067]" name="quttingBrowser" is-config="true" duration-ms="736" started-at="2022-01-25T03:50:27Z" finished-at="2022-01-25T03:50:28Z">
          <reporter-output>
          </reporter-output>
        </test-method> <!-- quttingBrowser -->
        <test-method status="PASS" signature="setUp()[pri:0, instance:progressive.qa.auto.AutoQuoteTest@5d76b067]" name="setUp" is-config="true" duration-ms="3058" started-at="2022-01-25T03:50:28Z" finished-at="2022-01-25T03:50:31Z">
          <reporter-output>
          </reporter-output>
        </test-method> <!-- setUp -->
        <test-method status="PASS" signature="test2()[pri:0, instance:progressive.qa.auto.AutoQuoteTest@5d76b067]" name="test2" duration-ms="1" started-at="2022-01-25T03:50:31Z" finished-at="2022-01-25T03:50:31Z">
          <reporter-output>
          </reporter-output>
        </test-method> <!-- test2 -->
        <test-method status="PASS" signature="quttingBrowser()[pri:0, instance:progressive.qa.auto.AutoQuoteTest@5d76b067]" name="quttingBrowser" is-config="true" duration-ms="749" started-at="2022-01-25T03:50:31Z" finished-at="2022-01-25T03:50:31Z">
          <reporter-output>
          </reporter-output>
        </test-method> <!-- quttingBrowser -->
        <test-method status="PASS" signature="setUp()[pri:0, instance:progressive.qa.auto.AutoQuoteTest@5d76b067]" name="setUp" is-config="true" duration-ms="3138" started-at="2022-01-25T03:50:31Z" finished-at="2022-01-25T03:50:35Z">
          <reporter-output>
          </reporter-output>
        </test-method> <!-- setUp -->
        <test-method status="PASS" signature="test3()[pri:0, instance:progressive.qa.auto.AutoQuoteTest@5d76b067]" name="test3" duration-ms="1" started-at="2022-01-25T03:50:35Z" finished-at="2022-01-25T03:50:35Z">
          <reporter-output>
          </reporter-output>
        </test-method> <!-- test3 -->
        <test-method status="PASS" signature="quttingBrowser()[pri:0, instance:progressive.qa.auto.AutoQuoteTest@5d76b067]" name="quttingBrowser" is-config="true" duration-ms="745" started-at="2022-01-25T03:50:35Z" finished-at="2022-01-25T03:50:35Z">
          <reporter-output>
          </reporter-output>
        </test-method> <!-- quttingBrowser -->
      </class> <!-- progressive.qa.auto.AutoQuoteTest -->
    </test> <!-- Default test -->
  </suite> <!-- Default suite -->
</testng-results>
