<?xml version="1.0" encoding="UTF-8"?>
<testng-results skipped="0" failed="0" ignored="3" total="4" passed="1">
  <reporter-output>
  </reporter-output>
  <suite name="Default suite" duration-ms="6780" started-at="2022-01-27T04:06:11Z" finished-at="2022-01-27T04:06:18Z">
    <groups>
    </groups>
    <test name="Default test" duration-ms="6780" started-at="2022-01-27T04:06:11Z" finished-at="2022-01-27T04:06:18Z">
      <class name="progressive.qa.auto.AutoQuoteTest">
        <test-method status="PASS" signature="setUp()[pri:0, instance:progressive.qa.auto.AutoQuoteTest@1c3a4799]" name="setUp" is-config="true" duration-ms="5309" started-at="2022-01-27T04:06:11Z" finished-at="2022-01-27T04:06:16Z">
          <reporter-output>
          </reporter-output>
        </test-method> <!-- setUp -->
        <test-method status="PASS" signature="autoQuoteTesting()[pri:0, instance:progressive.qa.auto.AutoQuoteTest@1c3a4799]" name="autoQuoteTesting" duration-ms="1448" started-at="2022-01-27T04:06:16Z" finished-at="2022-01-27T04:06:18Z">
          <reporter-output>
          </reporter-output>
        </test-method> <!-- autoQuoteTesting -->
        <test-method status="PASS" signature="quttingBrowser()[pri:0, instance:progressive.qa.auto.AutoQuoteTest@1c3a4799]" name="quttingBrowser" is-config="true" duration-ms="0" started-at="2022-01-27T04:06:18Z" finished-at="2022-01-27T04:06:18Z">
          <reporter-output>
          </reporter-output>
        </test-method> <!-- quttingBrowser -->
      </class> <!-- progressive.qa.auto.AutoQuoteTest -->
    </test> <!-- Default test -->
  </suite> <!-- Default suite -->
</testng-results>
