<?xml version="1.0" encoding="UTF-8"?>
<testng-results skipped="0" failed="0" ignored="2" total="3" passed="1">
  <reporter-output>
    <line>
      <![CDATA[this is an auto related test<br>]]>
    </line>
  </reporter-output>
  <suite name="SmokeSuite" duration-ms="6730" started-at="2022-02-08T04:13:51Z" finished-at="2022-02-08T04:13:58Z">
    <groups>
    </groups>
    <test name="SmokeTest" duration-ms="6730" started-at="2022-02-08T04:13:51Z" finished-at="2022-02-08T04:13:58Z">
      <class name="progressive.qa.auto.AutoQuoteTest">
        <test-method status="PASS" signature="setUp()[pri:0, instance:progressive.qa.auto.AutoQuoteTest@26aa12dd]" name="setUp" is-config="true" duration-ms="5878" started-at="2022-02-08T04:13:51Z" finished-at="2022-02-08T04:13:57Z">
          <reporter-output>
          </reporter-output>
        </test-method> <!-- setUp -->
        <test-method status="PASS" signature="testMethodAuto()[pri:0, instance:progressive.qa.auto.AutoQuoteTest@26aa12dd]" name="testMethodAuto" duration-ms="6" started-at="2022-02-08T04:13:57Z" depends-on-methods="progressive.qa.auto.AutoQuoteTest.autoQuoteTesting" finished-at="2022-02-08T04:13:57Z">
          <reporter-output>
            <line>
              <![CDATA[this is an auto related test<br>]]>
            </line>
          </reporter-output>
        </test-method> <!-- testMethodAuto -->
        <test-method status="PASS" signature="quttingBrowser()[pri:0, instance:progressive.qa.auto.AutoQuoteTest@26aa12dd]" name="quttingBrowser" is-config="true" duration-ms="820" started-at="2022-02-08T04:13:57Z" finished-at="2022-02-08T04:13:58Z">
          <reporter-output>
          </reporter-output>
        </test-method> <!-- quttingBrowser -->
      </class> <!-- progressive.qa.auto.AutoQuoteTest -->
    </test> <!-- SmokeTest -->
  </suite> <!-- SmokeSuite -->
</testng-results>
